*ERROR* 	v8.1.4	2024/03/04 - 10:02:58: PDOException: SQLSTATE[HY000] [1045] Access denied for user 'sql11688562'@'193.144.43.254' (using password: YES) in /app/vendor/doctrine/dbal/lib/Doctrine/DBAL/Driver/PDOConnection.php:40
Stack trace:
#0 /app/vendor/doctrine/dbal/lib/Doctrine/DBAL/Driver/PDOConnection.php(40): PDO->__construct()
#1 /app/vendor/doctrine/dbal/lib/Doctrine/DBAL/Driver/PDOMySql/Driver.php(24): Doctrine\DBAL\Driver\PDOConnection->__construct()
#2 /app/vendor/doctrine/dbal/lib/Doctrine/DBAL/Connection.php(412): Doctrine\DBAL\Driver\PDOMySql\Driver->connect()
#3 /app/vendor/doctrine/dbal/lib/Doctrine/DBAL/Connection.php(475): Doctrine\DBAL\Connection->connect()
#4 /app/vendor/doctrine/dbal/lib/Doctrine/DBAL/Connection.php(437): Doctrine\DBAL\Connection->getDatabasePlatformVersion()
#5 /app/vendor/doctrine/dbal/lib/Doctrine/DBAL/Connection.php(379): Doctrine\DBAL\Connection->detectDatabasePlatform()
#6 /app/vendor/doctrine/doctrine-bundle/ConnectionFactory.php(140): Doctrine\DBAL\Connection->getDatabasePlatform()
#7 /app/vendor/doctrine/doctrine-bundle/ConnectionFactory.php(119): Doctrine\Bundle\DoctrineBundle\ConnectionFactory->getDatabasePlatform()
#8 /app/var/cache/prod/ContainerZdPNDWG/appAppKernelProdContainer.php(2403): Doctrine\Bundle\DoctrineBundle\ConnectionFactory->createConnection()
#9 /app/var/cache/prod/ContainerZdPNDWG/appAppKernelProdContainer.php(2454): ContainerZdPNDWG\appAppKernelProdContainer->getDoctrine_Dbal_DefaultConnectionService()
#10 /app/var/cache/prod/ContainerZdPNDWG/appAppKernelProdContainer.php(2416): ContainerZdPNDWG\appAppKernelProdContainer->getDoctrine_Orm_DefaultEntityManagerService()
#11 /app/var/cache/prod/ContainerZdPNDWG/EntityManager_9a5be93.php(152): ContainerZdPNDWG\appAppKernelProdContainer->ContainerZdPNDWG\{closure}()
#12 /app/var/cache/prod/ContainerZdPNDWG/EntityManager_9a5be93.php(152): Closure->__invoke()
#13 /app/var/cache/prod/ContainerZdPNDWG/getPrestashop_Core_Admin_Tab_RepositoryService.php(9): EntityManager_9a5be93->getRepository()
#14 /app/var/cache/prod/ContainerZdPNDWG/appAppKernelProdContainer.php(2255): require('...')
#15 /app/var/cache/prod/ContainerZdPNDWG/getPrestashop_Adapter_Module_Tab_RegisterService.php(9): ContainerZdPNDWG\appAppKernelProdContainer->load()
#16 /app/var/cache/prod/ContainerZdPNDWG/appAppKernelProdContainer.php(2255): require('...')
#17 /app/var/cache/prod/ContainerZdPNDWG/getPrestashop_Adapter_Module_Tab_EventsubscriberService.php(9): ContainerZdPNDWG\appAppKernelProdContainer->load()
#18 /app/var/cache/prod/ContainerZdPNDWG/appAppKernelProdContainer.php(2255): require('...')
#19 /app/var/cache/prod/ContainerZdPNDWG/appAppKernelProdContainer.php(2750): ContainerZdPNDWG\appAppKernelProdContainer->load()
#20 /app/vendor/symfony/symfony/src/Symfony/Component/EventDispatcher/EventDispatcher.php(301): ContainerZdPNDWG\appAppKernelProdContainer->ContainerZdPNDWG\{closure}()
#21 /app/vendor/symfony/symfony/src/Symfony/Component/EventDispatcher/EventDispatcher.php(251): Symfony\Component\EventDispatcher\EventDispatcher::Symfony\Component\EventDispatcher\{closure}()
#22 /app/vendor/symfony/symfony/src/Symfony/Component/EventDispatcher/EventDispatcher.php(73): Symfony\Component\EventDispatcher\EventDispatcher->callListeners()
#23 /app/src/Core/Module/ModuleManager.php(403): Symfony\Component\EventDispatcher\EventDispatcher->dispatch()
#24 /app/src/Core/Module/ModuleManager.php(160): PrestaShop\PrestaShop\Core\Module\ModuleManager->dispatch()
#25 /app/src/Core/Module/ModuleManager.php(321): PrestaShop\PrestaShop\Core\Module\ModuleManager->uninstall()
#26 /app/install/fixtures/fashion/install.php(78): PrestaShop\PrestaShop\Core\Module\ModuleManager->reset()
#27 /app/src/PrestaShopBundle/Install/Install.php(1134): InstallFixturesFashion->populateFromXmlFiles()
#28 /app/src/PrestaShopBundle/Install/Install.php(1212): PrestaShopBundle\Install\Install->PrestaShopBundle\Install\{closure}()
#29 /app/src/PrestaShopBundle/Install/Install.php(1133): PrestaShopBundle\Install\Install->callWithUnityAutoincrement()
#30 /app/install/controllers/http/process.php(277): PrestaShopBundle\Install\Install->installFixtures()
#31 /app/install/controllers/http/process.php(108): InstallControllerHttpProcess->processInstallFixtures()
#32 /app/install/classes/controllerHttp.php(277): InstallControllerHttpProcess->process()
#33 /app/install/index.php(53): InstallControllerHttp::execute()
#34 {main}

Next Doctrine\DBAL\Driver\PDO\Exception: SQLSTATE[HY000] [1045] Access denied for user 'sql11688562'@'193.144.43.254' (using password: YES) in /app/vendor/doctrine/dbal/lib/Doctrine/DBAL/Driver/PDO/Exception.php:18
Stack trace:
#0 /app/vendor/doctrine/dbal/lib/Doctrine/DBAL/Driver/PDOConnection.php(44): Doctrine\DBAL\Driver\PDO\Exception::new()
#1 /app/vendor/doctrine/dbal/lib/Doctrine/DBAL/Driver/PDOMySql/Driver.php(24): Doctrine\DBAL\Driver\PDOConnection->__construct()
#2 /app/vendor/doctrine/dbal/lib/Doctrine/DBAL/Connection.php(412): Doctrine\DBAL\Driver\PDOMySql\Driver->connect()
#3 /app/vendor/doctrine/dbal/lib/Doctrine/DBAL/Connection.php(475): Doctrine\DBAL\Connection->connect()
#4 /app/vendor/doctrine/dbal/lib/Doctrine/DBAL/Connection.php(437): Doctrine\DBAL\Connection->getDatabasePlatformVersion()
#5 /app/vendor/doctrine/dbal/lib/Doctrine/DBAL/Connection.php(379): Doctrine\DBAL\Connection->detectDatabasePlatform()
#6 /app/vendor/doctrine/doctrine-bundle/ConnectionFactory.php(140): Doctrine\DBAL\Connection->getDatabasePlatform()
#7 /app/vendor/doctrine/doctrine-bundle/ConnectionFactory.php(119): Doctrine\Bundle\DoctrineBundle\ConnectionFactory->getDatabasePlatform()
#8 /app/var/cache/prod/ContainerZdPNDWG/appAppKernelProdContainer.php(2403): Doctrine\Bundle\DoctrineBundle\ConnectionFactory->createConnection()
#9 /app/var/cache/prod/ContainerZdPNDWG/appAppKernelProdContainer.php(2454): ContainerZdPNDWG\appAppKernelProdContainer->getDoctrine_Dbal_DefaultConnectionService()
#10 /app/var/cache/prod/ContainerZdPNDWG/appAppKernelProdContainer.php(2416): ContainerZdPNDWG\appAppKernelProdContainer->getDoctrine_Orm_DefaultEntityManagerService()
#11 /app/var/cache/prod/ContainerZdPNDWG/EntityManager_9a5be93.php(152): ContainerZdPNDWG\appAppKernelProdContainer->ContainerZdPNDWG\{closure}()
#12 /app/var/cache/prod/ContainerZdPNDWG/EntityManager_9a5be93.php(152): Closure->__invoke()
#13 /app/var/cache/prod/ContainerZdPNDWG/getPrestashop_Core_Admin_Tab_RepositoryService.php(9): EntityManager_9a5be93->getRepository()
#14 /app/var/cache/prod/ContainerZdPNDWG/appAppKernelProdContainer.php(2255): require('...')
#15 /app/var/cache/prod/ContainerZdPNDWG/getPrestashop_Adapter_Module_Tab_RegisterService.php(9): ContainerZdPNDWG\appAppKernelProdContainer->load()
#16 /app/var/cache/prod/ContainerZdPNDWG/appAppKernelProdContainer.php(2255): require('...')
#17 /app/var/cache/prod/ContainerZdPNDWG/getPrestashop_Adapter_Module_Tab_EventsubscriberService.php(9): ContainerZdPNDWG\appAppKernelProdContainer->load()
#18 /app/var/cache/prod/ContainerZdPNDWG/appAppKernelProdContainer.php(2255): require('...')
#19 /app/var/cache/prod/ContainerZdPNDWG/appAppKernelProdContainer.php(2750): ContainerZdPNDWG\appAppKernelProdContainer->load()
#20 /app/vendor/symfony/symfony/src/Symfony/Component/EventDispatcher/EventDispatcher.php(301): ContainerZdPNDWG\appAppKernelProdContainer->ContainerZdPNDWG\{closure}()
#21 /app/vendor/symfony/symfony/src/Symfony/Component/EventDispatcher/EventDispatcher.php(251): Symfony\Component\EventDispatcher\EventDispatcher::Symfony\Component\EventDispatcher\{closure}()
#22 /app/vendor/symfony/symfony/src/Symfony/Component/EventDispatcher/EventDispatcher.php(73): Symfony\Component\EventDispatcher\EventDispatcher->callListeners()
#23 /app/src/Core/Module/ModuleManager.php(403): Symfony\Component\EventDispatcher\EventDispatcher->dispatch()
#24 /app/src/Core/Module/ModuleManager.php(160): PrestaShop\PrestaShop\Core\Module\ModuleManager->dispatch()
#25 /app/src/Core/Module/ModuleManager.php(321): PrestaShop\PrestaShop\Core\Module\ModuleManager->uninstall()
#26 /app/install/fixtures/fashion/install.php(78): PrestaShop\PrestaShop\Core\Module\ModuleManager->reset()
#27 /app/src/PrestaShopBundle/Install/Install.php(1134): InstallFixturesFashion->populateFromXmlFiles()
#28 /app/src/PrestaShopBundle/Install/Install.php(1212): PrestaShopBundle\Install\Install->PrestaShopBundle\Install\{closure}()
#29 /app/src/PrestaShopBundle/Install/Install.php(1133): PrestaShopBundle\Install\Install->callWithUnityAutoincrement()
#30 /app/install/controllers/http/process.php(277): PrestaShopBundle\Install\Install->installFixtures()
#31 /app/install/controllers/http/process.php(108): InstallControllerHttpProcess->processInstallFixtures()
#32 /app/install/classes/controllerHttp.php(277): InstallControllerHttpProcess->process()
#33 /app/install/index.php(53): InstallControllerHttp::execute()
#34 {main}

Next Doctrine\DBAL\Exception\ConnectionException: An exception occurred in driver: SQLSTATE[HY000] [1045] Access denied for user 'sql11688562'@'193.144.43.254' (using password: YES) in /app/vendor/doctrine/dbal/lib/Doctrine/DBAL/Driver/AbstractMySQLDriver.php:112
Stack trace:
#0 /app/vendor/doctrine/dbal/lib/Doctrine/DBAL/DBALException.php(182): Doctrine\DBAL\Driver\AbstractMySQLDriver->convertException()
#1 /app/vendor/doctrine/dbal/lib/Doctrine/DBAL/DBALException.php(169): Doctrine\DBAL\DBALException::wrapException()
#2 /app/vendor/doctrine/dbal/lib/Doctrine/DBAL/Driver/PDOMySql/Driver.php(31): Doctrine\DBAL\DBALException::driverException()
#3 /app/vendor/doctrine/dbal/lib/Doctrine/DBAL/Connection.php(412): Doctrine\DBAL\Driver\PDOMySql\Driver->connect()
#4 /app/vendor/doctrine/dbal/lib/Doctrine/DBAL/Connection.php(475): Doctrine\DBAL\Connection->connect()
#5 /app/vendor/doctrine/dbal/lib/Doctrine/DBAL/Connection.php(437): Doctrine\DBAL\Connection->getDatabasePlatformVersion()
#6 /app/vendor/doctrine/dbal/lib/Doctrine/DBAL/Connection.php(379): Doctrine\DBAL\Connection->detectDatabasePlatform()
#7 /app/vendor/doctrine/doctrine-bundle/ConnectionFactory.php(140): Doctrine\DBAL\Connection->getDatabasePlatform()
#8 /app/vendor/doctrine/doctrine-bundle/ConnectionFactory.php(119): Doctrine\Bundle\DoctrineBundle\ConnectionFactory->getDatabasePlatform()
#9 /app/var/cache/prod/ContainerZdPNDWG/appAppKernelProdContainer.php(2403): Doctrine\Bundle\DoctrineBundle\ConnectionFactory->createConnection()
#10 /app/var/cache/prod/ContainerZdPNDWG/appAppKernelProdContainer.php(2454): ContainerZdPNDWG\appAppKernelProdContainer->getDoctrine_Dbal_DefaultConnectionService()
#11 /app/var/cache/prod/ContainerZdPNDWG/appAppKernelProdContainer.php(2416): ContainerZdPNDWG\appAppKernelProdContainer->getDoctrine_Orm_DefaultEntityManagerService()
#12 /app/var/cache/prod/ContainerZdPNDWG/EntityManager_9a5be93.php(152): ContainerZdPNDWG\appAppKernelProdContainer->ContainerZdPNDWG\{closure}()
#13 /app/var/cache/prod/ContainerZdPNDWG/EntityManager_9a5be93.php(152): Closure->__invoke()
#14 /app/var/cache/prod/ContainerZdPNDWG/getPrestashop_Core_Admin_Tab_RepositoryService.php(9): EntityManager_9a5be93->getRepository()
#15 /app/var/cache/prod/ContainerZdPNDWG/appAppKernelProdContainer.php(2255): require('...')
#16 /app/var/cache/prod/ContainerZdPNDWG/getPrestashop_Adapter_Module_Tab_RegisterService.php(9): ContainerZdPNDWG\appAppKernelProdContainer->load()
#17 /app/var/cache/prod/ContainerZdPNDWG/appAppKernelProdContainer.php(2255): require('...')
#18 /app/var/cache/prod/ContainerZdPNDWG/getPrestashop_Adapter_Module_Tab_EventsubscriberService.php(9): ContainerZdPNDWG\appAppKernelProdContainer->load()
#19 /app/var/cache/prod/ContainerZdPNDWG/appAppKernelProdContainer.php(2255): require('...')
#20 /app/var/cache/prod/ContainerZdPNDWG/appAppKernelProdContainer.php(2750): ContainerZdPNDWG\appAppKernelProdContainer->load()
#21 /app/vendor/symfony/symfony/src/Symfony/Component/EventDispatcher/EventDispatcher.php(301): ContainerZdPNDWG\appAppKernelProdContainer->ContainerZdPNDWG\{closure}()
#22 /app/vendor/symfony/symfony/src/Symfony/Component/EventDispatcher/EventDispatcher.php(251): Symfony\Component\EventDispatcher\EventDispatcher::Symfony\Component\EventDispatcher\{closure}()
#23 /app/vendor/symfony/symfony/src/Symfony/Component/EventDispatcher/EventDispatcher.php(73): Symfony\Component\EventDispatcher\EventDispatcher->callListeners()
#24 /app/src/Core/Module/ModuleManager.php(403): Symfony\Component\EventDispatcher\EventDispatcher->dispatch()
#25 /app/src/Core/Module/ModuleManager.php(160): PrestaShop\PrestaShop\Core\Module\ModuleManager->dispatch()
#26 /app/src/Core/Module/ModuleManager.php(321): PrestaShop\PrestaShop\Core\Module\ModuleManager->uninstall()
#27 /app/install/fixtures/fashion/install.php(78): PrestaShop\PrestaShop\Core\Module\ModuleManager->reset()
#28 /app/src/PrestaShopBundle/Install/Install.php(1134): InstallFixturesFashion->populateFromXmlFiles()
#29 /app/src/PrestaShopBundle/Install/Install.php(1212): PrestaShopBundle\Install\Install->PrestaShopBundle\Install\{closure}()
#30 /app/src/PrestaShopBundle/Install/Install.php(1133): PrestaShopBundle\Install\Install->callWithUnityAutoincrement()
#31 /app/install/controllers/http/process.php(277): PrestaShopBundle\Install\Install->installFixtures()
#32 /app/install/controllers/http/process.php(108): InstallControllerHttpProcess->processInstallFixtures()
#33 /app/install/classes/controllerHttp.php(277): InstallControllerHttpProcess->process()
#34 /app/install/index.php(53): InstallControllerHttp::execute()
#35 {main}

Next Doctrine\DBAL\Exception: An exception occurred while establishing a connection to figure out your platform version.
You can circumvent this by setting a 'server_version' configuration value

For further information have a look at:
https://github.com/doctrine/DoctrineBundle/issues/673 in /app/vendor/doctrine/doctrine-bundle/ConnectionFactory.php:142
Stack trace:
#0 /app/vendor/doctrine/doctrine-bundle/ConnectionFactory.php(119): Doctrine\Bundle\DoctrineBundle\ConnectionFactory->getDatabasePlatform()
#1 /app/var/cache/prod/ContainerZdPNDWG/appAppKernelProdContainer.php(2403): Doctrine\Bundle\DoctrineBundle\ConnectionFactory->createConnection()
#2 /app/var/cache/prod/ContainerZdPNDWG/appAppKernelProdContainer.php(2454): ContainerZdPNDWG\appAppKernelProdContainer->getDoctrine_Dbal_DefaultConnectionService()
#3 /app/var/cache/prod/ContainerZdPNDWG/appAppKernelProdContainer.php(2416): ContainerZdPNDWG\appAppKernelProdContainer->getDoctrine_Orm_DefaultEntityManagerService()
#4 /app/var/cache/prod/ContainerZdPNDWG/EntityManager_9a5be93.php(152): ContainerZdPNDWG\appAppKernelProdContainer->ContainerZdPNDWG\{closure}()
#5 /app/var/cache/prod/ContainerZdPNDWG/EntityManager_9a5be93.php(152): Closure->__invoke()
#6 /app/var/cache/prod/ContainerZdPNDWG/getPrestashop_Core_Admin_Tab_RepositoryService.php(9): EntityManager_9a5be93->getRepository()
#7 /app/var/cache/prod/ContainerZdPNDWG/appAppKernelProdContainer.php(2255): require('...')
#8 /app/var/cache/prod/ContainerZdPNDWG/getPrestashop_Adapter_Module_Tab_RegisterService.php(9): ContainerZdPNDWG\appAppKernelProdContainer->load()
#9 /app/var/cache/prod/ContainerZdPNDWG/appAppKernelProdContainer.php(2255): require('...')
#10 /app/var/cache/prod/ContainerZdPNDWG/getPrestashop_Adapter_Module_Tab_EventsubscriberService.php(9): ContainerZdPNDWG\appAppKernelProdContainer->load()
#11 /app/var/cache/prod/ContainerZdPNDWG/appAppKernelProdContainer.php(2255): require('...')
#12 /app/var/cache/prod/ContainerZdPNDWG/appAppKernelProdContainer.php(2750): ContainerZdPNDWG\appAppKernelProdContainer->load()
#13 /app/vendor/symfony/symfony/src/Symfony/Component/EventDispatcher/EventDispatcher.php(301): ContainerZdPNDWG\appAppKernelProdContainer->ContainerZdPNDWG\{closure}()
#14 /app/vendor/symfony/symfony/src/Symfony/Component/EventDispatcher/EventDispatcher.php(251): Symfony\Component\EventDispatcher\EventDispatcher::Symfony\Component\EventDispatcher\{closure}()
#15 /app/vendor/symfony/symfony/src/Symfony/Component/EventDispatcher/EventDispatcher.php(73): Symfony\Component\EventDispatcher\EventDispatcher->callListeners()
#16 /app/src/Core/Module/ModuleManager.php(403): Symfony\Component\EventDispatcher\EventDispatcher->dispatch()
#17 /app/src/Core/Module/ModuleManager.php(160): PrestaShop\PrestaShop\Core\Module\ModuleManager->dispatch()
#18 /app/src/Core/Module/ModuleManager.php(321): PrestaShop\PrestaShop\Core\Module\ModuleManager->uninstall()
#19 /app/install/fixtures/fashion/install.php(78): PrestaShop\PrestaShop\Core\Module\ModuleManager->reset()
#20 /app/src/PrestaShopBundle/Install/Install.php(1134): InstallFixturesFashion->populateFromXmlFiles()
#21 /app/src/PrestaShopBundle/Install/Install.php(1212): PrestaShopBundle\Install\Install->PrestaShopBundle\Install\{closure}()
#22 /app/src/PrestaShopBundle/Install/Install.php(1133): PrestaShopBundle\Install\Install->callWithUnityAutoincrement()
#23 /app/install/controllers/http/process.php(277): PrestaShopBundle\Install\Install->installFixtures()
#24 /app/install/controllers/http/process.php(108): InstallControllerHttpProcess->processInstallFixtures()
#25 /app/install/classes/controllerHttp.php(277): InstallControllerHttpProcess->process()
#26 /app/install/index.php(53): InstallControllerHttp::execute()
#27 {main}
